<?xml version="1.0" encoding="UTF-8"?>
<!-- Generated by org.testng.reporters.JUnitReportReporter -->
<testsuite hostname="Sangee_28" failures="0" tests="1" name="com.test.ServicesPage" time="0.199" errors="0" timestamp="2024-10-17T17:07:07 IST" skipped="0">
  <testcase classname="com.test.ServicesPage" name="search" time="0.199"/>
  <system-out/>
</testsuite> <!-- com.test.ServicesPage -->
