<?xml version="1.0" encoding="UTF-8"?>
<!-- Generated by org.testng.reporters.JUnitReportReporter -->
<testsuite hostname="Sangee_28" failures="0" tests="6" name="com.test.M3_WhoWeServePage" time="196.879" errors="0" timestamp="2024-10-21T18:32:27 IST" skipped="0">
  <testcase classname="com.test.M3_WhoWeServePage" name="search_DrPhysician" time="50.784"/>
  <system-out/>
  <testcase classname="com.test.M3_WhoWeServePage" name="register_DrPhysician" time="19.205"/>
  <system-out/>
  <testcase classname="com.test.M3_WhoWeServePage" name="search_Patient" time="53.728"/>
  <system-out/>
  <testcase classname="com.test.M3_WhoWeServePage" name="register_Patient" time="23.730"/>
  <system-out/>
  <testcase classname="com.test.M3_WhoWeServePage" name="enterprise" time="28.271"/>
  <system-out/>
  <testcase classname="com.test.M3_WhoWeServePage" name="enterprise_Demo" time="21.161"/>
  <system-out/>
</testsuite> <!-- com.test.M3_WhoWeServePage -->
