<?xml version="1.0" encoding="UTF-8"?>
<!-- Generated by org.testng.reporters.JUnitReportReporter -->
<testsuite hostname="Sangee_28" failures="0" tests="1" name="com.test.M2_FindProviderPage" time="20.462" errors="0" timestamp="2024-10-21T18:32:27 IST" skipped="0">
  <testcase classname="com.test.M2_FindProviderPage" name="search" time="20.462"/>
  <system-out/>
</testsuite> <!-- com.test.M2_FindProviderPage -->
