<?xml version="1.0" encoding="UTF-8"?>
<!-- Generated by org.testng.reporters.JUnitReportReporter -->
<testsuite hostname="Sangee_28" failures="0" tests="16" name="com.test.M9_PatientUserProfilePage" time="1190.947" errors="0" timestamp="2024-11-06T15:28:47 IST" skipped="0">
  <testcase classname="com.test.M9_PatientUserProfilePage" name="UserProfile_MyAppoinments" time="104.614"/>
  <system-out/>
  <testcase classname="com.test.M9_PatientUserProfilePage" name="UserProfile_Inbox" time="48.584"/>
  <system-out/>
  <testcase classname="com.test.M9_PatientUserProfilePage" name="UserProfile_Prescription" time="48.701"/>
  <system-out/>
  <testcase classname="com.test.M9_PatientUserProfilePage" name="UserProfile_Review" time="48.484"/>
  <system-out/>
  <testcase classname="com.test.M9_PatientUserProfilePage" name="UserProfile_Notification" time="48.578"/>
  <system-out/>
  <testcase classname="com.test.M9_PatientUserProfilePage" name="UserProfile_MyProfile_Name_WithoutName" time="233.338"/>
  <system-out/>
  <testcase classname="com.test.M9_PatientUserProfilePage" name="UserProfile_MyProfile_Name_With2Letters" time="48.507"/>
  <system-out/>
  <testcase classname="com.test.M9_PatientUserProfilePage" name="UserProfile_MyProfile_Name_WithSpecialCharacter" time="48.573"/>
  <system-out/>
  <testcase classname="com.test.M9_PatientUserProfilePage" name="UserProfile_MyProfile_Name_WithNumbers" time="48.466"/>
  <system-out/>
  <testcase classname="com.test.M9_PatientUserProfilePage" name="UserProfile_MyProfile_Name_ValidName" time="91.254"/>
  <system-out/>
  <testcase classname="com.test.M9_PatientUserProfilePage" name="UserProfile_MyProfile_Location" time="74.862"/>
  <system-out/>
  <testcase classname="com.test.M9_PatientUserProfilePage" name="UserProfile_MyProfile_Gender" time="69.114"/>
  <system-out/>
  <testcase classname="com.test.M9_PatientUserProfilePage" name="UserProfile_MyProfile_BloodGroup" time="68.736"/>
  <system-out/>
  <testcase classname="com.test.M9_PatientUserProfilePage" name="UserProfile_MyProfile_InsuranceProvider" time="48.508"/>
  <system-out/>
  <testcase classname="com.test.M9_PatientUserProfilePage" name="UserProfile_MyProfile_PolicyNumber" time="94.071"/>
  <system-out/>
  <testcase classname="com.test.M9_PatientUserProfilePage" name="UserProfile_MyProfile_DateOfBirth" time="66.557"/>
  <system-out/>
</testsuite> <!-- com.test.M9_PatientUserProfilePage -->
