<?xml version="1.0" encoding="UTF-8"?>
<!-- Generated by org.testng.reporters.JUnitReportReporter -->
<testsuite hostname="Sangee_28" failures="0" tests="1" name="com.test.M5_MedxAIPage" time="35.932" errors="0" timestamp="2024-10-21T18:32:27 IST" skipped="0">
  <testcase classname="com.test.M5_MedxAIPage" name="MedxAi" time="35.932"/>
  <system-out/>
</testsuite> <!-- com.test.M5_MedxAIPage -->
