<?xml version="1.0" encoding="UTF-8"?>
<!-- Generated by org.testng.reporters.JUnitReportReporter -->
<testsuite hostname="Sangee_28" failures="0" tests="2" name="com.test.M8_SignInPage" time="77.954" errors="0" timestamp="2024-10-21T20:45:25 IST" skipped="0">
  <testcase classname="com.test.M8_SignInPage" name="InvalidInput" time="43.003"/>
  <system-out/>
  <testcase classname="com.test.M8_SignInPage" name="validInput" time="34.951"/>
  <system-out/>
</testsuite> <!-- com.test.M8_SignInPage -->
