<?xml version="1.0" encoding="UTF-8"?>
<!-- Generated by org.testng.reporters.JUnitReportReporter -->
<testsuite hostname="Sangee_28" failures="0" tests="1" name="com.test.FindProviderPage" time="1.064" errors="0" timestamp="2024-10-17T14:06:05 IST" skipped="0">
  <testcase classname="com.test.FindProviderPage" name="search" time="1.064"/>
  <system-out/>
</testsuite> <!-- com.test.FindProviderPage -->
