<?xml version="1.0" encoding="UTF-8"?>
<!-- Generated by org.testng.reporters.JUnitReportReporter -->
<testsuite hostname="Sangee_28" failures="0" tests="1" name="com.test.MedxAIPage" time="29.666" errors="0" timestamp="2024-10-17T17:17:12 IST" skipped="0">
  <testcase classname="com.test.MedxAIPage" name="search" time="29.666"/>
  <system-out/>
</testsuite> <!-- com.test.MedxAIPage -->
