<?xml version="1.0" encoding="UTF-8"?>
<!-- Generated by org.testng.reporters.JUnitReportReporter -->
<testsuite hostname="Sangee_28" failures="0" tests="3" name="com.test.ConditionLibraryPage" time="144.282" errors="0" timestamp="2024-10-17T18:18:18 IST" skipped="0">
  <testcase classname="com.test.ConditionLibraryPage" name="ConditionLibrary_search" time="32.613"/>
  <system-out/>
  <testcase classname="com.test.ConditionLibraryPage" name="ConditionLibrary_PopularConditions" time="40.449"/>
  <system-out/>
  <testcase classname="com.test.ConditionLibraryPage" name="ConditionLibrary_SeeAll" time="71.220"/>
  <system-out/>
</testsuite> <!-- com.test.ConditionLibraryPage -->
