<?xml version="1.0" encoding="UTF-8"?>
<!-- Generated by org.testng.reporters.JUnitReportReporter -->
<testsuite hostname="Sangee_28" failures="0" tests="6" name="com.test.WhoWeServePage" time="58.395" errors="0" timestamp="2024-10-17T16:47:30 IST" skipped="0">
  <testcase classname="com.test.WhoWeServePage" name="search_DrPhysician" time="5.930"/>
  <system-out/>
  <testcase classname="com.test.WhoWeServePage" name="register_DrPhysician" time="14.460"/>
  <system-out/>
  <testcase classname="com.test.WhoWeServePage" name="search_Patient" time="8.582"/>
  <system-out/>
  <testcase classname="com.test.WhoWeServePage" name="register_Patient" time="15.060"/>
  <system-out/>
  <testcase classname="com.test.WhoWeServePage" name="enterprise" time="8.228"/>
  <system-out/>
  <testcase classname="com.test.WhoWeServePage" name="enterprise_Demo" time="6.135"/>
  <system-out/>
</testsuite> <!-- com.test.WhoWeServePage -->
